<?xml version="1.0" encoding="UTF-8"?>
<!-- Generated by org.testng.reporters.JUnitReportReporter -->
<testsuite hostname="CHOWDARY" failures="0" tests="3" name="Execution.loginExecution" time="1.336" errors="0" timestamp="2023-08-16T12:49:39 IST" skipped="0">
  <testcase classname="Execution.loginExecution" name="username" time="0.359"/>
  <system-out/>
  <testcase classname="Execution.loginExecution" name="password" time="0.304"/>
  <system-out/>
  <testcase classname="Execution.loginExecution" name="login" time="0.673"/>
  <system-out/>
</testsuite> <!-- Execution.loginExecution -->
